staticmethods.cpp:52:6: warning: unused parameter ‘clips’ [-Wunused-parameter]
gameobject_main.cpp:1:1: error: ‘n’ does not name a type
In file included from /usr/include/c++/4.6/bits/stl_pair.h:60:0,
                 from /usr/include/c++/4.6/bits/stl_algobase.h:65,
                 from /usr/include/c++/4.6/bits/char_traits.h:41,
                 from /usr/include/c++/4.6/string:42,
                 from constants.h:18,
                 from stdincludes.h:16,
                 from gameobject.h:22,
                 from gameobject_main.cpp:17:
/usr/include/c++/4.6/bits/move.h:134:26: error: ‘size_t’ has not been declared
/usr/include/c++/4.6/bits/move.h: In function ‘void std::swap(_Tp (&)[_Nm], _Tp (&)[_Nm])’:
/usr/include/c++/4.6/bits/move.h:138:12: error: ‘size_t’ was not declared in this scope
/usr/include/c++/4.6/bits/move.h:138:19: error: expected ‘;’ before ‘__n’
/usr/include/c++/4.6/bits/move.h:138:28: error: ‘__n’ was not declared in this scope
In file included from /usr/include/c++/4.6/bits/stl_algobase.h:66:0,
                 from /usr/include/c++/4.6/bits/char_traits.h:41,
                 from /usr/include/c++/4.6/string:42,
                 from constants.h:18,
                 from stdincludes.h:16,
                 from gameobject.h:22,
                 from gameobject_main.cpp:17:
/usr/include/c++/4.6/bits/stl_iterator_base_types.h: At global scope:
/usr/include/c++/4.6/bits/stl_iterator_base_types.h:117:67: error: expected type-specifier before ‘ptrdiff_t’
/usr/include/c++/4.6/bits/stl_iterator_base_types.h:117:67: error: expected ‘>’ before ‘ptrdiff_t’
/usr/include/c++/4.6/bits/stl_iterator_base_types.h:128:15: error: ‘_Pointer’ does not name a type
/usr/include/c++/4.6/bits/stl_iterator_base_types.h:130:15: error: ‘_Reference’ does not name a type
/usr/include/c++/4.6/bits/stl_iterator_base_types.h:180:15: error: ‘ptrdiff_t’ does not name a type
/usr/include/c++/4.6/bits/stl_iterator_base_types.h:191:15: error: ‘ptrdiff_t’ does not name a type
In file included from /usr/include/c++/4.6/bits/stl_algobase.h:68:0,
                 from /usr/include/c++/4.6/bits/char_traits.h:41,
                 from /usr/include/c++/4.6/string:42,
                 from constants.h:18,
                 from stdincludes.h:16,
                 from gameobject.h:22,
                 from gameobject_main.cpp:17:
/usr/include/c++/4.6/bits/stl_iterator.h:102:69: error: wrong number of template arguments (5, should be 3)
/usr/include/c++/4.6/bits/stl_iterator_base_types.h:119:12: error: provided for ‘template<class _Category, class _Tp, class _Distance> struct std::iterator’
/usr/include/c++/4.6/bits/stl_iterator.h:397:66: error: wrong number of template arguments (5, should be 3)
/usr/include/c++/4.6/bits/stl_iterator_base_types.h:119:12: error: provided for ‘template<class _Category, class _Tp, class _Distance> struct std::iterator’
/usr/include/c++/4.6/bits/stl_iterator.h:488:66: error: wrong number of template arguments (5, should be 3)
/usr/include/c++/4.6/bits/stl_iterator_base_types.h:119:12: error: provided for ‘template<class _Category, class _Tp, class _Distance> struct std::iterator’
/usr/include/c++/4.6/bits/stl_iterator.h:582:66: error: wrong number of template arguments (5, should be 3)
/usr/include/c++/4.6/bits/stl_iterator_base_types.h:119:12: error: provided for ‘template<class _Category, class _Tp, class _Distance> struct std::iterator’
In file included from /usr/include/c++/4.6/bits/char_traits.h:41:0,
                 from /usr/include/c++/4.6/string:42,
                 from constants.h:18,
                 from stdincludes.h:16,
                 from gameobject.h:22,
                 from gameobject_main.cpp:17:
/usr/include/c++/4.6/bits/stl_algobase.h: In static member function ‘static _Tp* std::__copy_move<_IsMove, true, std::random_access_iterator_tag>::__copy_m(const _Tp*, const _Tp*, _Tp*)’:
/usr/include/c++/4.6/bits/stl_algobase.h:364:10: error: ‘ptrdiff_t’ does not name a type
/usr/include/c++/4.6/bits/stl_algobase.h:365:8: error: ‘_Num’ was not declared in this scope
/usr/include/c++/4.6/bits/stl_algobase.h:367:22: error: ‘_Num’ was not declared in this scope
/usr/include/c++/4.6/bits/stl_algobase.h: In static member function ‘static _Tp* std::__copy_move_backward<_IsMove, true, std::random_access_iterator_tag>::__copy_move_b(const _Tp*, const _Tp*, _Tp*)’:
/usr/include/c++/4.6/bits/stl_algobase.h:559:10: error: ‘ptrdiff_t’ does not name a type
/usr/include/c++/4.6/bits/stl_algobase.h:560:8: error: ‘_Num’ was not declared in this scope
/usr/include/c++/4.6/bits/stl_algobase.h:562:22: error: ‘_Num’ was not declared in this scope
/usr/include/c++/4.6/bits/stl_algobase.h: In static member function ‘static bool std::__lexicographical_compare<true>::__lc(const _Tp*, const _Tp*, const _Up*, const _Up*)’:
/usr/include/c++/4.6/bits/stl_algobase.h:897:10: error: ‘size_t’ does not name a type
/usr/include/c++/4.6/bits/stl_algobase.h:898:10: error: ‘size_t’ does not name a type
/usr/include/c++/4.6/bits/stl_algobase.h:900:16: error: ‘__len1’ was not declared in this scope
/usr/include/c++/4.6/bits/stl_algobase.h:900:24: error: ‘__len2’ was not declared in this scope
In file included from /usr/include/c++/4.6/bits/char_traits.h:42:0,
                 from /usr/include/c++/4.6/string:42,
                 from constants.h:18,
                 from stdincludes.h:16,
                 from gameobject.h:22,
                 from gameobject_main.cpp:17:
/usr/include/c++/4.6/bits/postypes.h: At global scope:
/usr/include/c++/4.6/bits/postypes.h:100:11: error: ‘ptrdiff_t’ does not name a type
In file included from /usr/include/c++/4.6/string:42:0,
                 from constants.h:18,
                 from stdincludes.h:16,
                 from gameobject.h:22,
                 from gameobject_main.cpp:17:
/usr/include/c++/4.6/bits/char_traits.h:106:66: error: ‘std::size_t’ has not been declared
/usr/include/c++/4.6/bits/char_traits.h:108:14: error: ‘size_t’ in namespace ‘std’ does not name a type
/usr/include/c++/4.6/bits/char_traits.h:112:39: error: ‘std::size_t’ has not been declared
/usr/include/c++/4.6/bits/char_traits.h:115:57: error: ‘std::size_t’ has not been declared
/usr/include/c++/4.6/bits/char_traits.h:118:57: error: ‘std::size_t’ has not been declared
/usr/include/c++/4.6/bits/char_traits.h:121:35: error: ‘std::size_t’ has not been declared
/usr/include/c++/4.6/bits/char_traits.h:147:64: error: ‘std::size_t’ has not been declared
/usr/include/c++/4.6/bits/char_traits.h: In static member function ‘static int __gnu_cxx::char_traits<_CharT>::compare(const char_type*, const char_type*, int)’:
/usr/include/c++/4.6/bits/char_traits.h:149:12: error: ‘size_t’ is not a member of ‘std’
/usr/include/c++/4.6/bits/char_traits.h:149:12: note: suggested alternative:
/usr/lib/x86_64-linux-gnu/gcc/x86_64-linux-gnu/4.6.1/include/stddef.h:212:23: note:   ‘size_t’
/usr/include/c++/4.6/bits/char_traits.h:149:24: error: expected ‘;’ before ‘__i’
/usr/include/c++/4.6/bits/char_traits.h:149:33: error: ‘__i’ was not declared in this scope
/usr/include/c++/4.6/bits/char_traits.h: At global scope:
/usr/include/c++/4.6/bits/char_traits.h:158:5: error: ‘size_t’ in namespace ‘std’ does not name a type
/usr/include/c++/4.6/bits/char_traits.h:171:37: error: ‘std::size_t’ has not been declared
/usr/include/c++/4.6/bits/char_traits.h: In static member function ‘static const char_type* __gnu_cxx::char_traits<_CharT>::find(const char_type*, int, const char_type&)’:
/usr/include/c++/4.6/bits/char_traits.h:173:12: error: ‘size_t’ is not a member of ‘std’
/usr/include/c++/4.6/bits/char_traits.h:173:12: note: suggested alternative:
/usr/lib/x86_64-linux-gnu/gcc/x86_64-linux-gnu/4.6.1/include/stddef.h:212:23: note:   ‘size_t’
/usr/include/c++/4.6/bits/char_traits.h:173:24: error: expected ‘;’ before ‘__i’
/usr/include/c++/4.6/bits/char_traits.h:173:33: error: ‘__i’ was not declared in this scope
/usr/include/c++/4.6/bits/char_traits.h: At global scope:
/usr/include/c++/4.6/bits/char_traits.h:182:55: error: ‘std::size_t’ has not been declared
/usr/include/c++/4.6/bits/char_traits.h:191:55: error: ‘std::size_t’ has not been declared
/usr/include/c++/4.6/bits/char_traits.h:201:33: error: ‘std::size_t’ has not been declared
In file included from /usr/include/c++/4.6/ext/new_allocator.h:34:0,
                 from /usr/include/c++/4.6/x86_64-linux-gnu/bits/c++allocator.h:34,
                 from /usr/include/c++/4.6/bits/allocator.h:48,
                 from /usr/include/c++/4.6/string:43,
                 from constants.h:18,
                 from stdincludes.h:16,
                 from gameobject.h:22,
                 from gameobject_main.cpp:17:
/usr/include/c++/4.6/new:93:31: error: declaration of ‘operator new’ as non-function
/usr/include/c++/4.6/new:93:20: error: ‘size_t’ is not a member of ‘std’
/usr/include/c++/4.6/new:93:20: note: suggested alternative:
/usr/lib/x86_64-linux-gnu/gcc/x86_64-linux-gnu/4.6.1/include/stddef.h:212:23: note:   ‘size_t’
/usr/include/c++/4.6/new:94:33: error: declaration of ‘operator new []’ as non-function
/usr/include/c++/4.6/new:94:22: error: ‘size_t’ is not a member of ‘std’
/usr/include/c++/4.6/new:94:22: note: suggested alternative:
/usr/lib/x86_64-linux-gnu/gcc/x86_64-linux-gnu/4.6.1/include/stddef.h:212:23: note:   ‘size_t’
/usr/include/c++/4.6/new:97:25: error: declaration of ‘operator new’ as non-function
/usr/include/c++/4.6/new:97:20: error: ‘size_t’ is not a member of ‘std’
/usr/include/c++/4.6/new:97:20: note: suggested alternative:
/usr/lib/x86_64-linux-gnu/gcc/x86_64-linux-gnu/4.6.1/include/stddef.h:212:23: note:   ‘size_t’
/usr/include/c++/4.6/new:97:33: error: expected primary-expression before ‘const’
/usr/include/c++/4.6/new:98:27: error: declaration of ‘operator new []’ as non-function
/usr/include/c++/4.6/new:98:22: error: ‘size_t’ is not a member of ‘std’
/usr/include/c++/4.6/new:98:22: note: suggested alternative:
/usr/lib/x86_64-linux-gnu/gcc/x86_64-linux-gnu/4.6.1/include/stddef.h:212:23: note:   ‘size_t’
/usr/include/c++/4.6/new:98:35: error: expected primary-expression before ‘const’
/usr/include/c++/4.6/new:103:32: error: declaration of ‘operator new’ as non-function
/usr/include/c++/4.6/new:103:27: error: ‘size_t’ is not a member of ‘std’
/usr/include/c++/4.6/new:103:27: note: suggested alternative:
/usr/lib/x86_64-linux-gnu/gcc/x86_64-linux-gnu/4.6.1/include/stddef.h:212:23: note:   ‘size_t’
/usr/include/c++/4.6/new:103:40: error: expected primary-expression before ‘void’
/usr/include/c++/4.6/new:104:34: error: declaration of ‘operator new []’ as non-function
/usr/include/c++/4.6/new:104:29: error: ‘size_t’ is not a member of ‘std’
/usr/include/c++/4.6/new:104:29: note: suggested alternative:
/usr/lib/x86_64-linux-gnu/gcc/x86_64-linux-gnu/4.6.1/include/stddef.h:212:23: note:   ‘size_t’
/usr/include/c++/4.6/new:104:42: error: expected primary-expression before ‘void’
In file included from /usr/include/c++/4.6/x86_64-linux-gnu/bits/c++allocator.h:34:0,
                 from /usr/include/c++/4.6/bits/allocator.h:48,
                 from /usr/include/c++/4.6/string:43,
                 from constants.h:18,
                 from stdincludes.h:16,
                 from gameobject.h:22,
                 from gameobject_main.cpp:17:
/usr/include/c++/4.6/ext/new_allocator.h:42:14: error: ‘std::size_t’ has not been declared
/usr/include/c++/4.6/ext/new_allocator.h:43:14: error: ‘std::ptrdiff_t’ has not been declared
/usr/include/c++/4.6/ext/new_allocator.h:58:15: error: ‘ptrdiff_t’ does not name a type
In file included from /usr/include/c++/4.6/string:43:0,
                 from constants.h:18,
                 from stdincludes.h:16,
                 from gameobject.h:22,
                 from gameobject_main.cpp:17:
/usr/include/c++/4.6/bits/allocator.h:74:15: error: ‘ptrdiff_t’ does not name a type
/usr/include/c++/4.6/bits/allocator.h:96:15: error: ‘ptrdiff_t’ does not name a type
In file included from /usr/include/c++/4.6/string:46:0,
                 from constants.h:18,
                 from stdincludes.h:16,
                 from gameobject.h:22,
                 from gameobject_main.cpp:17:
/usr/include/c++/4.6/bits/ostream_insert.h:45:26: error: ‘streamsize’ has not been declared
/usr/include/c++/4.6/bits/ostream_insert.h: In function ‘void std::__ostream_write(std::basic_ostream<_CharT, _Traits>&, const _CharT*, int)’:
/usr/include/c++/4.6/bits/ostream_insert.h:50:13: error: ‘streamsize’ does not name a type
/usr/include/c++/4.6/bits/ostream_insert.h:51:11: error: ‘__put’ was not declared in this scope
/usr/include/c++/4.6/bits/ostream_insert.h: At global scope:
/usr/include/c++/4.6/bits/ostream_insert.h:57:59: error: ‘streamsize’ has not been declared
/usr/include/c++/4.6/bits/ostream_insert.h:77:27: error: ‘streamsize’ has not been declared
/usr/include/c++/4.6/bits/ostream_insert.h: In function ‘std::basic_ostream<_CharT, _Traits>& std::__ostream_insert(std::basic_ostream<_CharT, _Traits>&, const _CharT*, int)’:
/usr/include/c++/4.6/bits/ostream_insert.h:87:14: error: ‘streamsize’ does not name a type
/usr/include/c++/4.6/bits/ostream_insert.h:88:12: error: ‘__w’ was not declared in this scope
/usr/include/c++/4.6/bits/ostream_insert.h: At global scope:
/usr/include/c++/4.6/bits/ostream_insert.h:118:68: error: ‘streamsize’ has not been declared
/usr/include/c++/4.6/bits/ostream_insert.h:122:11: error: ‘streamsize’ has not been declared
In file included from /usr/include/c++/4.6/string:55:0,
                 from constants.h:18,
                 from stdincludes.h:16,
                 from gameobject.h:22,
                 from gameobject_main.cpp:17:
/usr/include/c++/4.6/bits/basic_string.tcc: In function ‘std::basic_istream<_CharT, _Traits>& std::operator>>(std::basic_istream<_CharT, _Traits>&, std::basic_string<_CharT, _Traits, _Alloc>&)’:
/usr/include/c++/4.6/bits/basic_string.tcc:1020:14: error: ‘streamsize’ does not name a type
/usr/include/c++/4.6/bits/basic_string.tcc:1021:32: error: ‘__w’ was not declared in this scope
In file included from /usr/include/c++/4.6/string:54:0,
                 from constants.h:18,
                 from stdincludes.h:16,
                 from gameobject.h:22,
                 from gameobject_main.cpp:17:
/usr/include/c++/4.6/bits/basic_string.h: At global scope:
/usr/include/c++/4.6/bits/basic_string.h: In instantiation of ‘std::basic_string<char>’:
/usr/include/c++/4.6/bits/basic_string.tcc:1134:25:   instantiated from here
/usr/include/c++/4.6/bits/basic_string.h:117:61: error: no type named ‘difference_type’ in ‘std::basic_string<char>::_CharT_alloc_type {aka struct std::allocator<char>}’
/usr/include/c++/4.6/bits/basic_string.h: In instantiation of ‘std::basic_string<wchar_t>’:
/usr/include/c++/4.6/bits/basic_string.tcc:1149:25:   instantiated from here
/usr/include/c++/4.6/bits/basic_string.h:117:61: error: no type named ‘difference_type’ in ‘std::basic_string<wchar_t>::_CharT_alloc_type {aka struct std::allocator<wchar_t>}’
In file included from /usr/include/c++/4.6/ios:43:0,
                 from /usr/include/c++/4.6/ostream:40,
                 from /usr/include/c++/4.6/iostream:40,
                 from stdincludes.h:24,
                 from gameobject.h:22,
                 from gameobject_main.cpp:17:
/usr/include/c++/4.6/bits/ios_base.h:454:5: error: ‘streamsize’ does not name a type
/usr/include/c++/4.6/bits/ios_base.h:455:5: error: ‘streamsize’ does not name a type
/usr/include/c++/4.6/bits/ios_base.h:622:5: error: ‘streamsize’ does not name a type
/usr/include/c++/4.6/bits/ios_base.h:631:5: error: ‘streamsize’ does not name a type
/usr/include/c++/4.6/bits/ios_base.h:645:5: error: ‘streamsize’ does not name a type
/usr/include/c++/4.6/bits/ios_base.h:654:5: error: ‘streamsize’ does not name a type
In file included from /usr/include/c++/4.6/ios:44:0,
                 from /usr/include/c++/4.6/ostream:40,
                 from /usr/include/c++/4.6/iostream:40,
                 from stdincludes.h:24,
                 from gameobject.h:22,
                 from gameobject_main.cpp:17:
/usr/include/c++/4.6/streambuf:51:5: error: ‘streamsize’ does not name a type
/usr/include/c++/4.6/streambuf:144:14: error: ‘streamsize’ does not name a type
/usr/include/c++/4.6/streambuf:237:33: error: ‘streamsize’ has not been declared
/usr/include/c++/4.6/streambuf:263:7: error: ‘streamsize’ does not name a type
/usr/include/c++/4.6/streambuf:336:7: error: ‘streamsize’ does not name a type
/usr/include/c++/4.6/streambuf:429:7: error: ‘streamsize’ does not name a type
/usr/include/c++/4.6/streambuf:571:26: error: ‘streamsize’ has not been declared
/usr/include/c++/4.6/streambuf:628:15: error: ‘streamsize’ does not name a type
/usr/include/c++/4.6/streambuf:644:15: error: ‘streamsize’ does not name a type
/usr/include/c++/4.6/streambuf:721:15: error: ‘streamsize’ does not name a type
/usr/include/c++/4.6/streambuf:774:20: error: ‘streamsize’ has not been declared
/usr/include/c++/4.6/streambuf:777:20: error: ‘streamsize’ has not been declared
/usr/include/c++/4.6/streambuf:795:5: error: ‘streamsize’ does not name a type
/usr/include/c++/4.6/streambuf:800:5: error: ‘streamsize’ does not name a type
In file included from /usr/include/c++/4.6/streambuf:808:0,
                 from /usr/include/c++/4.6/ios:44,
                 from /usr/include/c++/4.6/ostream:40,
                 from /usr/include/c++/4.6/iostream:40,
                 from stdincludes.h:24,
                 from gameobject.h:22,
                 from gameobject_main.cpp:17:
/usr/include/c++/4.6/bits/streambuf.tcc:45:5: error: ‘streamsize’ does not name a type
/usr/include/c++/4.6/bits/streambuf.tcc:79:5: error: ‘streamsize’ does not name a type
/usr/include/c++/4.6/bits/streambuf.tcc:116:5: error: ‘streamsize’ does not name a type
/usr/include/c++/4.6/bits/streambuf.tcc:139:12: error: ‘streamsize’ does not name a type
/usr/include/c++/4.6/bits/streambuf.tcc:152:5: error: explicit instantiation of non-template ‘int std::streamsize’
/usr/include/c++/4.6/bits/streambuf.tcc:153:5: error: expected ‘;’ before ‘__copy_streambufs’
/usr/include/c++/4.6/bits/streambuf.tcc:156:5: error: explicit instantiation of non-template ‘int std::streamsize’
/usr/include/c++/4.6/bits/streambuf.tcc:157:5: error: expected ‘;’ before ‘__copy_streambufs_eof’
/usr/include/c++/4.6/bits/streambuf.tcc:163:5: error: explicit instantiation of non-template ‘int std::streamsize’
/usr/include/c++/4.6/bits/streambuf.tcc:164:5: error: expected ‘;’ before ‘__copy_streambufs’
/usr/include/c++/4.6/bits/streambuf.tcc:167:5: error: explicit instantiation of non-template ‘int std::streamsize’
/usr/include/c++/4.6/bits/streambuf.tcc:168:5: error: expected ‘;’ before ‘__copy_streambufs_eof’
In file included from /usr/include/c++/4.6/bits/locale_facets.h:50:0,
                 from /usr/include/c++/4.6/bits/basic_ios.h:39,
                 from /usr/include/c++/4.6/ios:45,
                 from /usr/include/c++/4.6/ostream:40,
                 from /usr/include/c++/4.6/iostream:40,
                 from stdincludes.h:24,
                 from gameobject.h:22,
                 from gameobject_main.cpp:17:
/usr/include/c++/4.6/bits/streambuf_iterator.h:54:25: error: wrong number of template arguments (5, should be 3)
/usr/include/c++/4.6/bits/stl_iterator_base_types.h:119:12: error: provided for ‘template<class _Category, class _Tp, class _Distance> struct std::iterator’
/usr/include/c++/4.6/bits/streambuf_iterator.h:207:66: error: wrong number of template arguments (5, should be 3)
/usr/include/c++/4.6/bits/stl_iterator_base_types.h:119:12: error: provided for ‘template<class _Category, class _Tp, class _Distance> struct std::iterator’
/usr/include/c++/4.6/bits/streambuf_iterator.h:269:34: error: ‘streamsize’ has not been declared
/usr/include/c++/4.6/bits/streambuf_iterator.h: In function ‘typename __gnu_cxx::__enable_if<std::__is_char<_CharT>::__value, std::ostreambuf_iterator<_CharT, std::char_traits<_CharT> > >::__type std::__copy_move_a2(_CharT*, _CharT*, std::ostreambuf_iterator<_CharT, std::char_traits<_CharT> >)’:
/usr/include/c++/4.6/bits/streambuf_iterator.h:303:13: error: ‘streamsize’ does not name a type
/usr/include/c++/4.6/bits/streambuf_iterator.h:304:11: error: ‘__num’ was not declared in this scope
/usr/include/c++/4.6/bits/streambuf_iterator.h: In function ‘typename __gnu_cxx::__enable_if<std::__is_char<_CharT>::__value, std::ostreambuf_iterator<_CharT, std::char_traits<_CharT> > >::__type std::__copy_move_a2(const _CharT*, const _CharT*, std::ostreambuf_iterator<_CharT, std::char_traits<_CharT> >)’:
/usr/include/c++/4.6/bits/streambuf_iterator.h:315:13: error: ‘streamsize’ does not name a type
/usr/include/c++/4.6/bits/streambuf_iterator.h:316:11: error: ‘__num’ was not declared in this scope
/usr/include/c++/4.6/bits/streambuf_iterator.h: In function ‘typename __gnu_cxx::__enable_if<std::__is_char<_CharT>::__value, _CharT*>::__type std::__copy_move_a2(std::istreambuf_iterator<_CharT, std::char_traits<_CharT> >, std::istreambuf_iterator<_CharT, std::char_traits<_CharT> >, _CharT*)’:
/usr/include/c++/4.6/bits/streambuf_iterator.h:338:14: error: ‘streamsize’ does not name a type
/usr/include/c++/4.6/bits/streambuf_iterator.h:339:12: error: ‘__n’ was not declared in this scope
/usr/include/c++/4.6/bits/streambuf_iterator.h: In function ‘typename __gnu_cxx::__enable_if<std::__is_char<_CharT2>::__value, std::istreambuf_iterator<_CharT2, std::char_traits<_CharT> > >::__type std::find(std::istreambuf_iterator<_CharT2, std::char_traits<_CharT> >, std::istreambuf_iterator<_CharT2, std::char_traits<_CharT> >, const _CharT2&)’:
/usr/include/c++/4.6/bits/streambuf_iterator.h:375:8: error: ‘streamsize’ was not declared in this scope
/usr/include/c++/4.6/bits/streambuf_iterator.h:375:19: error: expected ‘;’ before ‘__n’
/usr/include/c++/4.6/bits/streambuf_iterator.h:376:12: error: ‘__n’ was not declared in this scope
In file included from /usr/include/c++/4.6/bits/basic_ios.h:39:0,
                 from /usr/include/c++/4.6/ios:45,
                 from /usr/include/c++/4.6/ostream:40,
                 from /usr/include/c++/4.6/iostream:40,
                 from stdincludes.h:24,
                 from gameobject.h:22,
                 from gameobject_main.cpp:17:
/usr/include/c++/4.6/bits/locale_facets.h: At global scope:
/usr/include/c++/4.6/bits/locale_facets.h:94:29: error: ‘streamsize’ has not been declared
/usr/include/c++/4.6/bits/locale_facets.h:94:50: error: ‘streamsize’ has not been declared
In file included from /usr/include/c++/4.6/bits/basic_ios.h:39:0,
                 from /usr/include/c++/4.6/ios:45,
                 from /usr/include/c++/4.6/ostream:40,
                 from /usr/include/c++/4.6/iostream:40,
                 from stdincludes.h:24,
                 from gameobject.h:22,
                 from gameobject_main.cpp:17:
/usr/include/c++/4.6/bits/locale_facets.h:2449:32: error: ‘streamsize’ has not been declared
In file included from /usr/include/c++/4.6/bits/locale_facets.h:2608:0,
                 from /usr/include/c++/4.6/bits/basic_ios.h:39,
                 from /usr/include/c++/4.6/ios:45,
                 from /usr/include/c++/4.6/ostream:40,
                 from /usr/include/c++/4.6/iostream:40,
                 from stdincludes.h:24,
                 from gameobject.h:22,
                 from gameobject_main.cpp:17:
/usr/include/c++/4.6/bits/locale_facets.tcc:777:27: error: ‘streamsize’ has not been declared
/usr/include/c++/4.6/bits/locale_facets.tcc: In member function ‘_OutIter std::num_put<_CharT, _OutIter>::_M_insert_int(_OutIter, std::ios_base&, _CharT, _ValueT) const’:
/usr/include/c++/4.6/bits/locale_facets.tcc:918:8: error: ‘streamsize’ does not name a type
/usr/include/c++/4.6/bits/locale_facets.tcc:919:6: error: ‘__w’ was not declared in this scope
/usr/include/c++/4.6/bits/locale_facets.tcc:919:24: error: expected type-specifier before ‘streamsize’
/usr/include/c++/4.6/bits/locale_facets.tcc:919:24: error: expected ‘>’ before ‘streamsize’
/usr/include/c++/4.6/bits/locale_facets.tcc:919:24: error: expected ‘(’ before ‘streamsize’
/usr/include/c++/4.6/bits/locale_facets.tcc:919:24: error: ‘streamsize’ was not declared in this scope
/usr/include/c++/4.6/bits/locale_facets.tcc:920:4: error: expected ‘)’ before ‘{’ token
/usr/include/c++/4.6/bits/locale_facets.tcc: In member function ‘_OutIter std::num_put<_CharT, _OutIter>::_M_insert_float(_OutIter, std::ios_base&, _CharT, char, _ValueT) const’:
/usr/include/c++/4.6/bits/locale_facets.tcc:981:8: error: ‘streamsize’ does not name a type
/usr/include/c++/4.6/bits/locale_facets.tcc:998:19: error: ‘__prec’ was not declared in this scope
/usr/include/c++/4.6/bits/locale_facets.tcc:1056:6: error: ‘streamsize’ was not declared in this scope
/usr/include/c++/4.6/bits/locale_facets.tcc:1056:17: error: expected ‘;’ before ‘__off’
/usr/include/c++/4.6/bits/locale_facets.tcc:1059:3: error: ‘__off’ was not declared in this scope
/usr/include/c++/4.6/bits/locale_facets.tcc:1065:45: error: ‘__off’ was not declared in this scope
/usr/include/c++/4.6/bits/locale_facets.tcc:1073:8: error: ‘streamsize’ does not name a type
/usr/include/c++/4.6/bits/locale_facets.tcc:1074:6: error: ‘__w’ was not declared in this scope
/usr/include/c++/4.6/bits/locale_facets.tcc:1074:24: error: expected type-specifier before ‘streamsize’
/usr/include/c++/4.6/bits/locale_facets.tcc:1074:24: error: expected ‘>’ before ‘streamsize’
/usr/include/c++/4.6/bits/locale_facets.tcc:1074:24: error: expected ‘(’ before ‘streamsize’
/usr/include/c++/4.6/bits/locale_facets.tcc:1074:24: error: ‘streamsize’ was not declared in this scope
/usr/include/c++/4.6/bits/locale_facets.tcc:1075:4: error: expected ‘)’ before ‘{’ token
/usr/include/c++/4.6/bits/locale_facets.tcc: In member function ‘virtual _OutIter std::num_put<_CharT, _OutIter>::do_put(std::num_put<_CharT, _OutIter>::iter_type, std::ios_base&, std::num_put<_CharT, _OutIter>::char_type, bool) const’:
/usr/include/c++/4.6/bits/locale_facets.tcc:1111:10: error: ‘streamsize’ does not name a type
/usr/include/c++/4.6/bits/locale_facets.tcc:1112:8: error: ‘__w’ was not declared in this scope
/usr/include/c++/4.6/bits/locale_facets.tcc:1112:26: error: expected type-specifier before ‘streamsize’
/usr/include/c++/4.6/bits/locale_facets.tcc:1112:26: error: expected ‘>’ before ‘streamsize’
/usr/include/c++/4.6/bits/locale_facets.tcc:1112:26: error: expected ‘(’ before ‘streamsize’
/usr/include/c++/4.6/bits/locale_facets.tcc:1112:26: error: ‘streamsize’ was not declared in this scope
/usr/include/c++/4.6/bits/locale_facets.tcc:1113:6: error: expected ‘)’ before ‘{’ token
/usr/include/c++/4.6/bits/locale_facets.tcc: At global scope:
/usr/include/c++/4.6/bits/locale_facets.tcc:1195:8: error: ‘streamsize’ has not been declared
/usr/include/c++/4.6/bits/locale_facets.tcc:1195:29: error: ‘streamsize’ has not been declared
In file included from /usr/include/c++/4.6/iostream:40:0,
                 from stdincludes.h:24,
                 from gameobject.h:22,
                 from gameobject_main.cpp:17:
/usr/include/c++/4.6/ostream:289:38: error: ‘streamsize’ has not been declared
/usr/include/c++/4.6/ostream:313:35: error: ‘streamsize’ has not been declared
/usr/include/c++/4.6/ostream: In member function ‘void std::basic_ostream<_CharT, _Traits>::_M_write(const char_type*, int)’:
/usr/include/c++/4.6/ostream:291:8: error: ‘streamsize’ does not name a type
/usr/include/c++/4.6/ostream:292:6: error: ‘__put’ was not declared in this scope
/usr/include/c++/4.6/ostream: In function ‘std::basic_ostream<_CharT, _Traits>& std::operator<<(std::basic_ostream<_CharT, _Traits>&, const _CharT*)’:
/usr/include/c++/4.6/ostream:499:17: error: expected type-specifier before ‘streamsize’
/usr/include/c++/4.6/ostream:499:17: error: expected ‘>’ before ‘streamsize’
/usr/include/c++/4.6/ostream:499:17: error: expected ‘(’ before ‘streamsize’
/usr/include/c++/4.6/ostream:499:17: error: ‘streamsize’ was not declared in this scope
/usr/include/c++/4.6/ostream: In function ‘std::basic_ostream<char, _Traits>& std::operator<<(std::basic_ostream<char, _Traits>&, const char*)’:
/usr/include/c++/4.6/ostream:516:17: error: expected type-specifier before ‘streamsize’
/usr/include/c++/4.6/ostream:516:17: error: expected ‘>’ before ‘streamsize’
/usr/include/c++/4.6/ostream:516:17: error: expected ‘(’ before ‘streamsize’
/usr/include/c++/4.6/ostream:516:17: error: ‘streamsize’ was not declared in this scope
In file included from /usr/include/c++/4.6/ostream:588:0,
                 from /usr/include/c++/4.6/iostream:40,
                 from stdincludes.h:24,
                 from gameobject.h:22,
                 from gameobject_main.cpp:17:
/usr/include/c++/4.6/bits/ostream.tcc: At global scope:
/usr/include/c++/4.6/bits/ostream.tcc:185:30: error: ‘streamsize’ has not been declared
In file included from /usr/include/c++/4.6/iostream:41:0,
                 from stdincludes.h:24,
                 from gameobject.h:22,
                 from gameobject_main.cpp:17:
/usr/include/c++/4.6/istream:81:7: error: ‘streamsize’ does not name a type
/usr/include/c++/4.6/istream:250:7: error: ‘streamsize’ does not name a type
/usr/include/c++/4.6/istream:324:27: error: ‘streamsize’ has not been declared
/usr/include/c++/4.6/istream:335:27: error: ‘streamsize’ has not been declared
/usr/include/c++/4.6/istream:397:31: error: ‘streamsize’ has not been declared
/usr/include/c++/4.6/istream:408:31: error: ‘streamsize’ has not been declared
/usr/include/c++/4.6/istream:435:7: error: expected ‘;’ at end of member declaration
/usr/include/c++/4.6/istream:435:14: error: declaration of ‘std::basic_istream<_CharT, _Traits>::__istream_type& std::basic_istream<_CharT, _Traits>::ignore’
/usr/include/c++/4.6/istream:432:7: error: conflicts with previous declaration ‘std::basic_istream<_CharT, _Traits>::__istream_type& std::basic_istream<_CharT, _Traits>::ignore()’
/usr/include/c++/4.6/istream:435:25: error: expected ‘)’ before ‘__n’
/usr/include/c++/4.6/istream:438:7: error: expected ‘;’ at end of member declaration
/usr/include/c++/4.6/istream:438:14: error: declaration of ‘std::basic_istream<_CharT, _Traits>::__istream_type& std::basic_istream<_CharT, _Traits>::ignore’
/usr/include/c++/4.6/istream:432:7: error: conflicts with previous declaration ‘std::basic_istream<_CharT, _Traits>::__istream_type& std::basic_istream<_CharT, _Traits>::ignore()’
/usr/include/c++/4.6/istream:438:25: error: expected ‘)’ before ‘__n’
/usr/include/c++/4.6/istream:467:28: error: ‘streamsize’ has not been declared
/usr/include/c++/4.6/istream:485:7: error: ‘streamsize’ does not name a type
/usr/include/c++/4.6/istream: In constructor ‘std::basic_istream<_CharT, _Traits>::basic_istream(std::basic_istream<_CharT, _Traits>::__streambuf_type*)’:
/usr/include/c++/4.6/istream:94:9: error: class ‘std::basic_istream<_CharT, _Traits>’ does not have any field named ‘_M_gcount’
/usr/include/c++/4.6/istream:94:31: error: there are no arguments to ‘streamsize’ that depend on a template parameter, so a declaration of ‘streamsize’ must be available [-fpermissive]
/usr/include/c++/4.6/istream:94:31: note: (if you use ‘-fpermissive’, G++ will accept your code, but allowing the use of an undeclared name is deprecated)
/usr/include/c++/4.6/istream: In destructor ‘virtual std::basic_istream<_CharT, _Traits>::~basic_istream()’:
/usr/include/c++/4.6/istream:104:9: error: ‘_M_gcount’ was not declared in this scope
/usr/include/c++/4.6/istream:104:33: error: there are no arguments to ‘streamsize’ that depend on a template parameter, so a declaration of ‘streamsize’ must be available [-fpermissive]
/usr/include/c++/4.6/istream: In constructor ‘std::basic_istream<_CharT, _Traits>::basic_istream()’:
/usr/include/c++/4.6/istream:588:9: error: class ‘std::basic_istream<_CharT, _Traits>’ does not have any field named ‘_M_gcount’
/usr/include/c++/4.6/istream:588:31: error: there are no arguments to ‘streamsize’ that depend on a template parameter, so a declaration of ‘streamsize’ must be available [-fpermissive]
/usr/include/c++/4.6/istream: At global scope:
/usr/include/c++/4.6/istream:600:29: error: ‘streamsize’ has not been declared
/usr/include/c++/4.6/istream:605:12: error: ‘std::basic_istream<char>& std::basic_istream<char>::ignore’ is not a static member of ‘struct std::basic_istream<char>’
/usr/include/c++/4.6/istream:605:12: error: ‘streamsize’ was not declared in this scope
/usr/include/c++/4.6/istream:610:12: error: ‘std::basic_istream<char>& std::basic_istream<char>::ignore’ is not a static member of ‘struct std::basic_istream<char>’
/usr/include/c++/4.6/istream:610:12: error: ‘streamsize’ was not declared in this scope
/usr/include/c++/4.6/istream:610:37: error: expected primary-expression before ‘__delim’
/usr/include/c++/4.6/istream:610:44: error: expression list treated as compound expression in initializer [-fpermissive]
/usr/include/c++/4.6/istream:616:29: error: ‘streamsize’ has not been declared
/usr/include/c++/4.6/istream:621:12: error: ‘std::basic_istream<wchar_t>& std::basic_istream<wchar_t>::ignore’ is not a static member of ‘struct std::basic_istream<wchar_t>’
/usr/include/c++/4.6/istream:621:12: error: ‘streamsize’ was not declared in this scope
/usr/include/c++/4.6/istream:626:12: error: ‘std::basic_istream<wchar_t>& std::basic_istream<wchar_t>::ignore’ is not a static member of ‘struct std::basic_istream<wchar_t>’
/usr/include/c++/4.6/istream:626:12: error: ‘streamsize’ was not declared in this scope
/usr/include/c++/4.6/istream:626:37: error: expected primary-expression before ‘__delim’
/usr/include/c++/4.6/istream:626:44: error: expression list treated as compound expression in initializer [-fpermissive]
In file included from /usr/include/c++/4.6/istream:859:0,
                 from /usr/include/c++/4.6/iostream:41,
                 from stdincludes.h:24,
                 from gameobject.h:22,
                 from gameobject_main.cpp:17:
/usr/include/c++/4.6/bits/istream.tcc: In member function ‘std::basic_istream<_CharT, _Traits>::int_type std::basic_istream<_CharT, _Traits>::get()’:
/usr/include/c++/4.6/bits/istream.tcc:242:7: error: ‘_M_gcount’ was not declared in this scope
/usr/include/c++/4.6/bits/istream.tcc: In member function ‘std::basic_istream<_CharT, _Traits>& std::basic_istream<_CharT, _Traits>::get(std::basic_istream<_CharT, _Traits>::char_type&)’:
/usr/include/c++/4.6/bits/istream.tcc:276:7: error: ‘_M_gcount’ was not declared in this scope
/usr/include/c++/4.6/bits/istream.tcc: At global scope:
/usr/include/c++/4.6/bits/istream.tcc:311:25: error: ‘streamsize’ has not been declared
/usr/include/c++/4.6/bits/istream.tcc: In member function ‘std::basic_istream<_CharT, _Traits>& std::basic_istream<_CharT, _Traits>::get(std::basic_istream<_CharT, _Traits>::char_type*, int, std::basic_istream<_CharT, _Traits>::char_type)’:
/usr/include/c++/4.6/bits/istream.tcc:313:7: error: ‘_M_gcount’ was not declared in this scope
/usr/include/c++/4.6/bits/istream.tcc: In member function ‘std::basic_istream<_CharT, _Traits>& std::basic_istream<_CharT, _Traits>::get(std::basic_istream<_CharT, _Traits>::__streambuf_type&, std::basic_istream<_CharT, _Traits>::char_type)’:
/usr/include/c++/4.6/bits/istream.tcc:360:7: error: ‘_M_gcount’ was not declared in this scope
/usr/include/c++/4.6/bits/istream.tcc: At global scope:
/usr/include/c++/4.6/bits/istream.tcc:402:29: error: ‘streamsize’ has not been declared
/usr/include/c++/4.6/bits/istream.tcc: In member function ‘std::basic_istream<_CharT, _Traits>& std::basic_istream<_CharT, _Traits>::getline(std::basic_istream<_CharT, _Traits>::char_type*, int, std::basic_istream<_CharT, _Traits>::char_type)’:
/usr/include/c++/4.6/bits/istream.tcc:404:7: error: ‘_M_gcount’ was not declared in this scope
/usr/include/c++/4.6/bits/istream.tcc: In member function ‘std::basic_istream<_CharT, _Traits>& std::basic_istream<_CharT, _Traits>::ignore()’:
/usr/include/c++/4.6/bits/istream.tcc:464:7: error: ‘_M_gcount’ was not declared in this scope
/usr/include/c++/4.6/bits/istream.tcc: At global scope:
/usr/include/c++/4.6/bits/istream.tcc:495:12: error: ‘std::basic_istream<_CharT, _Traits>& std::basic_istream<_CharT, _Traits>::ignore’ is not a static member of ‘class std::basic_istream<_CharT, _Traits>’
/usr/include/c++/4.6/bits/istream.tcc:495:12: error: template definition of non-template ‘std::basic_istream<_CharT, _Traits>& std::basic_istream<_CharT, _Traits>::ignore’
/usr/include/c++/4.6/bits/istream.tcc:495:12: error: ‘streamsize’ was not declared in this scope
/usr/include/c++/4.6/bits/istream.tcc:557:12: error: ‘std::basic_istream<_CharT, _Traits>& std::basic_istream<_CharT, _Traits>::ignore’ is not a static member of ‘class std::basic_istream<_CharT, _Traits>’
/usr/include/c++/4.6/bits/istream.tcc:557:12: error: template definition of non-template ‘std::basic_istream<_CharT, _Traits>& std::basic_istream<_CharT, _Traits>::ignore’
/usr/include/c++/4.6/bits/istream.tcc:557:12: error: ‘streamsize’ was not declared in this scope
/usr/include/c++/4.6/bits/istream.tcc:557:37: error: expected primary-expression before ‘__delim’
/usr/include/c++/4.6/bits/istream.tcc: In member function ‘std::basic_istream<_CharT, _Traits>::int_type std::basic_istream<_CharT, _Traits>::peek()’:
/usr/include/c++/4.6/bits/istream.tcc:625:7: error: ‘_M_gcount’ was not declared in this scope
/usr/include/c++/4.6/bits/istream.tcc: At global scope:
/usr/include/c++/4.6/bits/istream.tcc:652:26: error: ‘streamsize’ has not been declared
/usr/include/c++/4.6/bits/istream.tcc: In member function ‘std::basic_istream<_CharT, _Traits>& std::basic_istream<_CharT, _Traits>::read(std::basic_istream<_CharT, _Traits>::char_type*, int)’:
/usr/include/c++/4.6/bits/istream.tcc:654:7: error: ‘_M_gcount’ was not declared in this scope
/usr/include/c++/4.6/bits/istream.tcc: At global scope:
/usr/include/c++/4.6/bits/istream.tcc:679:5: error: ‘streamsize’ does not name a type
/usr/include/c++/4.6/bits/istream.tcc: In member function ‘std::basic_istream<_CharT, _Traits>& std::basic_istream<_CharT, _Traits>::putback(std::basic_istream<_CharT, _Traits>::char_type)’:
/usr/include/c++/4.6/bits/istream.tcc:717:7: error: ‘_M_gcount’ was not declared in this scope
/usr/include/c++/4.6/bits/istream.tcc: In member function ‘std::basic_istream<_CharT, _Traits>& std::basic_istream<_CharT, _Traits>::unget()’:
/usr/include/c++/4.6/bits/istream.tcc:752:7: error: ‘_M_gcount’ was not declared in this scope
/usr/include/c++/4.6/bits/istream.tcc: In function ‘std::basic_istream<_CharT, _Traits>& std::operator>>(std::basic_istream<_CharT, _Traits>&, _CharT2*)’:
/usr/include/c++/4.6/bits/istream.tcc:965:7: error: ‘streamsize’ was not declared in this scope
/usr/include/c++/4.6/bits/istream.tcc:965:18: error: expected ‘;’ before ‘__extracted’
/usr/include/c++/4.6/bits/istream.tcc:973:19: error: expected ‘;’ before ‘__num’
/usr/include/c++/4.6/bits/istream.tcc:974:12: error: ‘__num’ was not declared in this scope
/usr/include/c++/4.6/bits/istream.tcc:975:49: error: type/value mismatch at argument 1 in template parameter list for ‘template<class _Value> struct __gnu_cxx::__numeric_traits’
/usr/include/c++/4.6/bits/istream.tcc:975:49: error:   expected a type, got ‘streamsize’
/usr/include/c++/4.6/bits/istream.tcc:983:15: error: ‘__extracted’ was not declared in this scope
/usr/include/c++/4.6/bits/istream.tcc:983:29: error: ‘__num’ was not declared in this scope
/usr/include/c++/4.6/bits/istream.tcc:1008:12: error: ‘__extracted’ was not declared in this scope
In file included from /usr/include/c++/4.6/fstream:44:0,
                 from stdincludes.h:25,
                 from gameobject.h:22,
                 from gameobject_main.cpp:17:
/usr/include/c++/4.6/x86_64-linux-gnu/bits/basic_file.h: At global scope:
/usr/include/c++/4.6/x86_64-linux-gnu/bits/basic_file.h:88:7: error: ‘streamsize’ does not name a type
/usr/include/c++/4.6/x86_64-linux-gnu/bits/basic_file.h:91:7: error: ‘streamsize’ does not name a type
/usr/include/c++/4.6/x86_64-linux-gnu/bits/basic_file.h:95:7: error: ‘streamsize’ does not name a type
/usr/include/c++/4.6/x86_64-linux-gnu/bits/basic_file.h:104:7: error: ‘streamsize’ does not name a type
In file included from stdincludes.h:25:0,
                 from gameobject.h:22,
                 from gameobject_main.cpp:17:
/usr/include/c++/4.6/fstream:158:7: error: ‘streamsize’ does not name a type
/usr/include/c++/4.6/fstream:304:15: error: ‘streamsize’ does not name a type
/usr/include/c++/4.6/fstream:331:42: error: ‘streamsize’ has not been declared
/usr/include/c++/4.6/fstream:346:30: error: ‘streamsize’ has not been declared
/usr/include/c++/4.6/fstream:369:15: error: ‘streamsize’ does not name a type
/usr/include/c++/4.6/fstream:372:15: error: ‘streamsize’ does not name a type
/usr/include/c++/4.6/fstream:392:21: error: ‘streamsize’ has not been declared
In file included from /usr/include/c++/4.6/fstream:921:0,
                 from stdincludes.h:25,
                 from gameobject.h:22,
                 from gameobject_main.cpp:17:
/usr/include/c++/4.6/bits/fstream.tcc: In member function ‘void std::basic_filebuf<_CharT, _Traits>::_M_destroy_internal_buffer()’:
/usr/include/c++/4.6/bits/fstream.tcc:74:7: error: ‘_M_ext_buf_size’ was not declared in this scope
/usr/include/c++/4.6/bits/fstream.tcc: In constructor ‘std::basic_filebuf<_CharT, _Traits>::basic_filebuf()’:
/usr/include/c++/4.6/bits/fstream.tcc:86:35: error: class ‘std::basic_filebuf<_CharT, _Traits>’ does not have any field named ‘_M_ext_buf_size’
/usr/include/c++/4.6/bits/fstream.tcc: At global scope:
/usr/include/c++/4.6/bits/fstream.tcc:178:5: error: ‘streamsize’ does not name a type
/usr/include/c++/4.6/bits/fstream.tcc: In member function ‘virtual std::basic_filebuf<_CharT, _Traits>::int_type std::basic_filebuf<_CharT, _Traits>::underflow()’:
/usr/include/c++/4.6/bits/fstream.tcc:233:4: error: ‘streamsize’ was not declared in this scope
/usr/include/c++/4.6/bits/fstream.tcc:233:15: error: expected ‘;’ before ‘__ilen’
/usr/include/c++/4.6/bits/fstream.tcc:237:8: error: ‘__ilen’ was not declared in this scope
/usr/include/c++/4.6/bits/fstream.tcc:237:25: error: ‘std::basic_filebuf<_CharT, _Traits>::__file_type’ has no member named ‘xsgetn’
/usr/include/c++/4.6/bits/fstream.tcc:247:19: error: expected ‘;’ before ‘__blen’
/usr/include/c++/4.6/bits/fstream.tcc:248:19: error: expected ‘;’ before ‘__rlen’
/usr/include/c++/4.6/bits/fstream.tcc:250:3: error: ‘__blen’ was not declared in this scope
/usr/include/c++/4.6/bits/fstream.tcc:250:12: error: ‘__rlen’ was not declared in this scope
/usr/include/c++/4.6/bits/fstream.tcc:253:5: error: ‘__blen’ was not declared in this scope
/usr/include/c++/4.6/bits/fstream.tcc:254:5: error: ‘__rlen’ was not declared in this scope
/usr/include/c++/4.6/bits/fstream.tcc:256:14: error: ‘streamsize’ does not name a type
/usr/include/c++/4.6/bits/fstream.tcc:257:8: error: ‘__rlen’ was not declared in this scope
/usr/include/c++/4.6/bits/fstream.tcc:257:26: error: ‘__remainder’ was not declared in this scope
/usr/include/c++/4.6/bits/fstream.tcc:266:12: error: ‘_M_ext_buf_size’ was not declared in this scope
/usr/include/c++/4.6/bits/fstream.tcc:266:30: error: ‘__blen’ was not declared in this scope
/usr/include/c++/4.6/bits/fstream.tcc:290:48: error: ‘_M_ext_buf_size’ was not declared in this scope
/usr/include/c++/4.6/bits/fstream.tcc:296:20: error: expected ‘;’ before ‘__elen’
/usr/include/c++/4.6/bits/fstream.tcc:297:13: error: ‘__elen’ was not declared in this scope
/usr/include/c++/4.6/bits/fstream.tcc:301:23: error: ‘__elen’ was not declared in this scope
/usr/include/c++/4.6/bits/fstream.tcc:313:9: error: ‘__ilen’ was not declared in this scope
/usr/include/c++/4.6/bits/fstream.tcc:320:7: error: ‘__ilen’ was not declared in this scope
/usr/include/c++/4.6/bits/fstream.tcc:330:15: error: ‘__ilen’ was not declared in this scope
/usr/include/c++/4.6/bits/fstream.tcc:333:8: error: ‘__ilen’ was not declared in this scope
/usr/include/c++/4.6/bits/fstream.tcc: At global scope:
/usr/include/c++/4.6/bits/fstream.tcc:488:44: error: ‘streamsize’ has not been declared
/usr/include/c++/4.6/bits/fstream.tcc: In member function ‘bool std::basic_filebuf<_CharT, _Traits>::_M_convert_to_external(_CharT*, int)’:
/usr/include/c++/4.6/bits/fstream.tcc:491:7: error: ‘streamsize’ was not declared in this scope
/usr/include/c++/4.6/bits/fstream.tcc:491:18: error: expected ‘;’ before ‘__elen’
/usr/include/c++/4.6/bits/fstream.tcc:492:18: error: expected ‘;’ before ‘__plen’
/usr/include/c++/4.6/bits/fstream.tcc:495:4: error: ‘__elen’ was not declared in this scope
/usr/include/c++/4.6/bits/fstream.tcc:495:21: error: ‘std::basic_filebuf<_CharT, _Traits>::__file_type’ has no member named ‘xsputn’
/usr/include/c++/4.6/bits/fstream.tcc:496:4: error: ‘__plen’ was not declared in this scope
/usr/include/c++/4.6/bits/fstream.tcc:502:15: error: expected ‘;’ before ‘__blen’
/usr/include/c++/4.6/bits/fstream.tcc:503:54: error: ‘__blen’ was not declared in this scope
/usr/include/c++/4.6/bits/fstream.tcc:523:4: error: ‘__elen’ was not declared in this scope
/usr/include/c++/4.6/bits/fstream.tcc:523:21: error: ‘std::basic_filebuf<_CharT, _Traits>::__file_type’ has no member named ‘xsputn’
/usr/include/c++/4.6/bits/fstream.tcc:524:4: error: ‘__plen’ was not declared in this scope
/usr/include/c++/4.6/bits/fstream.tcc:530:19: error: expected ‘;’ before ‘__rlen’
/usr/include/c++/4.6/bits/fstream.tcc:532:21: error: ‘__rlen’ was not declared in this scope
/usr/include/c++/4.6/bits/fstream.tcc:537:22: error: ‘std::basic_filebuf<_CharT, _Traits>::__file_type’ has no member named ‘xsputn’
/usr/include/c++/4.6/bits/fstream.tcc:545:14: error: ‘__elen’ was not declared in this scope
/usr/include/c++/4.6/bits/fstream.tcc:545:24: error: ‘__plen’ was not declared in this scope
/usr/include/c++/4.6/bits/fstream.tcc: At global scope:
/usr/include/c++/4.6/bits/fstream.tcc:549:5: error: ‘streamsize’ does not name a type
/usr/include/c++/4.6/bits/fstream.tcc:637:5: error: ‘streamsize’ does not name a type
/usr/include/c++/4.6/bits/fstream.tcc:686:28: error: ‘streamsize’ has not been declared
/usr/include/c++/4.6/bits/fstream.tcc: In member function ‘bool std::basic_filebuf<_CharT, _Traits>::_M_terminate_output()’:
/usr/include/c++/4.6/bits/fstream.tcc:855:4: error: ‘streamsize’ was not declared in this scope
/usr/include/c++/4.6/bits/fstream.tcc:855:15: error: expected ‘;’ before ‘__ilen’
/usr/include/c++/4.6/bits/fstream.tcc:867:5: error: ‘__ilen’ was not declared in this scope
/usr/include/c++/4.6/bits/fstream.tcc:870:15: error: ‘streamsize’ does not name a type
/usr/include/c++/4.6/bits/fstream.tcc:871:13: error: ‘__elen’ was not declared in this scope
/usr/include/c++/4.6/bits/fstream.tcc:876:43: error: ‘__ilen’ was not declared in this scope
/usr/include/c++/4.6/bits/fstream.tcc: In member function ‘virtual void std::basic_filebuf<_CharT, _Traits>::imbue(const std::locale&)’:
/usr/include/c++/4.6/bits/fstream.tcc:944:15: error: ‘streamsize’ does not name a type
/usr/include/c++/4.6/bits/fstream.tcc:945:13: error: ‘__remainder’ was not declared in this scope
/usr/include/c++/4.6/bits/fstream.tcc:949:35: error: ‘__remainder’ was not declared in this scope
In file included from /usr/include/c++/4.6/vector:66:0,
                 from stdincludes.h:26,
                 from gameobject.h:22,
                 from gameobject_main.cpp:17:
/usr/include/c++/4.6/bits/stl_bvector.h: At global scope:
/usr/include/c++/4.6/bits/stl_bvector.h:110:63: error: template argument 3 is invalid
/usr/include/c++/4.6/bits/stl_bvector.h: In member function ‘void std::_Bit_iterator_base::_M_incr(ptrdiff_t)’:
/usr/include/c++/4.6/bits/stl_bvector.h:141:7: error: ‘difference_type’ was not declared in this scope
/usr/include/c++/4.6/bits/stl_bvector.h:141:23: error: expected ‘;’ before ‘__n’
/usr/include/c++/4.6/bits/stl_bvector.h:142:15: error: ‘__n’ was not declared in this scope
/usr/include/c++/4.6/bits/stl_bvector.h: At global scope:
/usr/include/c++/4.6/bits/stl_bvector.h:233:16: error: declaration of ‘operator+=’ as non-function
/usr/include/c++/4.6/bits/stl_bvector.h:233:13: error: expected ‘;’ at end of member declaration
/usr/include/c++/4.6/bits/stl_bvector.h:233:32: error: expected ‘)’ before ‘__i’
/usr/include/c++/4.6/bits/stl_bvector.h:240:16: error: declaration of ‘operator-=’ as non-function
/usr/include/c++/4.6/bits/stl_bvector.h:240:13: error: expected ‘;’ at end of member declaration
/usr/include/c++/4.6/bits/stl_bvector.h:240:32: error: expected ‘)’ before ‘__i’
/usr/include/c++/4.6/bits/stl_bvector.h:247:15: error: ‘difference_type’ has not been declared
/usr/include/c++/4.6/bits/stl_bvector.h:254:15: error: ‘difference_type’ has not been declared
/usr/include/c++/4.6/bits/stl_bvector.h:261:16: error: ‘difference_type’ has not been declared
/usr/include/c++/4.6/bits/stl_bvector.h: In member function ‘std::_Bit_iterator::iterator std::_Bit_iterator::operator+(int) const’:
/usr/include/c++/4.6/bits/stl_bvector.h:250:23: error: no match for ‘operator+=’ in ‘__tmp += __i’
/usr/include/c++/4.6/bits/stl_bvector.h: In member function ‘std::_Bit_iterator::iterator std::_Bit_iterator::operator-(int) const’:
/usr/include/c++/4.6/bits/stl_bvector.h:257:23: error: no match for ‘operator-=’ in ‘__tmp -= __i’
/usr/include/c++/4.6/bits/stl_bvector.h: At global scope:
/usr/include/c++/4.6/bits/stl_bvector.h:319:16: error: declaration of ‘operator+=’ as non-function
/usr/include/c++/4.6/bits/stl_bvector.h:319:13: error: expected ‘;’ at end of member declaration
/usr/include/c++/4.6/bits/stl_bvector.h:319:32: error: expected ‘)’ before ‘__i’
/usr/include/c++/4.6/bits/stl_bvector.h:326:16: error: declaration of ‘operator-=’ as non-function
/usr/include/c++/4.6/bits/stl_bvector.h:326:13: error: expected ‘;’ at end of member declaration
/usr/include/c++/4.6/bits/stl_bvector.h:326:32: error: expected ‘)’ before ‘__i’
/usr/include/c++/4.6/bits/stl_bvector.h:333:15: error: ‘difference_type’ has not been declared
/usr/include/c++/4.6/bits/stl_bvector.h:340:15: error: ‘difference_type’ has not been declared
/usr/include/c++/4.6/bits/stl_bvector.h:347:16: error: ‘difference_type’ has not been declared
/usr/include/c++/4.6/bits/stl_bvector.h: In member function ‘std::_Bit_const_iterator::const_iterator std::_Bit_const_iterator::operator+(int) const’:
/usr/include/c++/4.6/bits/stl_bvector.h:336:23: error: no match for ‘operator+=’ in ‘__tmp += __i’
/usr/include/c++/4.6/bits/stl_bvector.h: In member function ‘std::_Bit_const_iterator::const_iterator std::_Bit_const_iterator::operator-(int) const’:
/usr/include/c++/4.6/bits/stl_bvector.h:343:23: error: no match for ‘operator-=’ in ‘__tmp -= __i’
In file included from /usr/include/c++/4.6/bits/stl_algobase.h:66:0,
                 from /usr/include/c++/4.6/bits/char_traits.h:41,
                 from /usr/include/c++/4.6/string:42,
                 from constants.h:18,
                 from stdincludes.h:16,
                 from gameobject.h:22,
                 from gameobject_main.cpp:17:
/usr/include/c++/4.6/bits/stl_iterator_base_types.h: At global scope:
/usr/include/c++/4.6/bits/stl_iterator_base_types.h: In instantiation of ‘std::iterator_traits<std::_Bit_iterator>’:
/usr/include/c++/4.6/bits/stl_iterator.h:111:55:   instantiated from ‘std::reverse_iterator<std::_Bit_iterator>’
/usr/include/c++/4.6/bits/stl_bvector.h:632:5:   instantiated from here
/usr/include/c++/4.6/bits/stl_iterator_base_types.h:166:53: error: no type named ‘iterator_category’ in ‘struct std::_Bit_iterator’
/usr/include/c++/4.6/bits/stl_iterator_base_types.h:167:53: error: no type named ‘value_type’ in ‘struct std::_Bit_iterator’
/usr/include/c++/4.6/bits/stl_iterator_base_types.h:168:53: error: no type named ‘difference_type’ in ‘struct std::_Bit_iterator’
/usr/include/c++/4.6/bits/stl_iterator_base_types.h: In instantiation of ‘std::iterator_traits<std::_Bit_const_iterator>’:
/usr/include/c++/4.6/bits/stl_iterator.h:111:55:   instantiated from ‘std::reverse_iterator<std::_Bit_const_iterator>’
/usr/include/c++/4.6/bits/stl_bvector.h:636:5:   instantiated from here
/usr/include/c++/4.6/bits/stl_iterator_base_types.h:166:53: error: no type named ‘iterator_category’ in ‘struct std::_Bit_const_iterator’
/usr/include/c++/4.6/bits/stl_iterator_base_types.h:167:53: error: no type named ‘value_type’ in ‘struct std::_Bit_const_iterator’
/usr/include/c++/4.6/bits/stl_iterator_base_types.h:168:53: error: no type named ‘difference_type’ in ‘struct std::_Bit_const_iterator’
gameobject_main.cpp:19:5: warning: unused parameter ‘argc’ [-Wunused-parameter]
gameobject_main.cpp:19:5: warning: unused parameter ‘argv’ [-Wunused-parameter]
gamebox_main.cpp:20:5: warning: unused parameter ‘argc’ [-Wunused-parameter]
gamebox_main.cpp:20:5: warning: unused parameter ‘argv’ [-Wunused-parameter]
table_main.cpp:23:5: warning: unused parameter ‘argc’ [-Wunused-parameter]
table_main.cpp:23:5: warning: unused parameter ‘argv’ [-Wunused-parameter]
